d:\m2\tmp4\clientvs22\dumpproto\lzo\release\lzo.pch
d:\m2\tmp4\clientvs22\dumpproto\release\lzo.pdb
d:\m2\tmp4\clientvs22\dumpproto\lzo\release\stdafx.obj
d:\m2\tmp4\clientvs22\dumpproto\lzo\release\lzo1b_d2.obj
d:\m2\tmp4\clientvs22\dumpproto\lzo\release\lzo1b_d1.obj
d:\m2\tmp4\clientvs22\dumpproto\lzo\release\lzo1b_cc.obj
d:\m2\tmp4\clientvs22\dumpproto\lzo\release\lzo1b_9x.obj
d:\m2\tmp4\clientvs22\dumpproto\lzo\release\lzo1b_99.obj
d:\m2\tmp4\clientvs22\dumpproto\lzo\release\lzo1b_9.obj
d:\m2\tmp4\clientvs22\dumpproto\lzo\release\lzo1b_8.obj
d:\m2\tmp4\clientvs22\dumpproto\lzo\release\lzo1b_7.obj
d:\m2\tmp4\clientvs22\dumpproto\lzo\release\lzo1b_6.obj
d:\m2\tmp4\clientvs22\dumpproto\lzo\release\lzo1b_5.obj
d:\m2\tmp4\clientvs22\dumpproto\lzo\release\lzo1b_4.obj
d:\m2\tmp4\clientvs22\dumpproto\lzo\release\lzo1b_3.obj
d:\m2\tmp4\clientvs22\dumpproto\lzo\release\lzo1b_2.obj
d:\m2\tmp4\clientvs22\dumpproto\lzo\release\lzo1b_1.obj
d:\m2\tmp4\clientvs22\dumpproto\lzo\release\lzo1a_99.obj
d:\m2\tmp4\clientvs22\dumpproto\lzo\release\lzo1a.obj
d:\m2\tmp4\clientvs22\dumpproto\lzo\release\lzo1_99.obj
d:\m2\tmp4\clientvs22\dumpproto\lzo\release\lzo1.obj
d:\m2\tmp4\clientvs22\dumpproto\lzo\release\io.obj
d:\m2\tmp4\clientvs22\dumpproto\lzo\release\alloc.obj
d:\m2\tmp4\clientvs22\dumpproto\lzo\release\lzo1f_9x.obj
d:\m2\tmp4\clientvs22\dumpproto\lzo\release\lzo1f_1.obj
d:\m2\tmp4\clientvs22\dumpproto\lzo\release\lzo1c_xx.obj
d:\m2\tmp4\clientvs22\dumpproto\lzo\release\lzo1c_rr.obj
d:\m2\tmp4\clientvs22\dumpproto\lzo\release\lzo1c_d2.obj
d:\m2\tmp4\clientvs22\dumpproto\lzo\release\lzo1c_d1.obj
d:\m2\tmp4\clientvs22\dumpproto\lzo\release\lzo1c_cc.obj
d:\m2\tmp4\clientvs22\dumpproto\lzo\release\lzo1c_9x.obj
d:\m2\tmp4\clientvs22\dumpproto\lzo\release\lzo1c_99.obj
d:\m2\tmp4\clientvs22\dumpproto\lzo\release\lzo1c_9.obj
d:\m2\tmp4\clientvs22\dumpproto\lzo\release\lzo1c_8.obj
d:\m2\tmp4\clientvs22\dumpproto\lzo\release\lzo1c_7.obj
d:\m2\tmp4\clientvs22\dumpproto\lzo\release\lzo1c_6.obj
d:\m2\tmp4\clientvs22\dumpproto\lzo\release\lzo1c_5.obj
d:\m2\tmp4\clientvs22\dumpproto\lzo\release\lzo1c_4.obj
d:\m2\tmp4\clientvs22\dumpproto\lzo\release\lzo1c_3.obj
d:\m2\tmp4\clientvs22\dumpproto\lzo\release\lzo1c_2.obj
d:\m2\tmp4\clientvs22\dumpproto\lzo\release\lzo1c_1.obj
d:\m2\tmp4\clientvs22\dumpproto\lzo\release\lzo1b_xx.obj
d:\m2\tmp4\clientvs22\dumpproto\lzo\release\lzo1b_rr.obj
d:\m2\tmp4\clientvs22\dumpproto\lzo\release\lzo1z_d2.obj
d:\m2\tmp4\clientvs22\dumpproto\lzo\release\lzo1z_d1.obj
d:\m2\tmp4\clientvs22\dumpproto\lzo\release\lzo1z_9x.obj
d:\m2\tmp4\clientvs22\dumpproto\lzo\release\lzo1y_o.obj
d:\m2\tmp4\clientvs22\dumpproto\lzo\release\lzo1y_d3.obj
d:\m2\tmp4\clientvs22\dumpproto\lzo\release\lzo1y_d2.obj
d:\m2\tmp4\clientvs22\dumpproto\lzo\release\lzo1y_d1.obj
d:\m2\tmp4\clientvs22\dumpproto\lzo\release\lzo1y_9x.obj
d:\m2\tmp4\clientvs22\dumpproto\lzo\release\lzo1y_1.obj
d:\m2\tmp4\clientvs22\dumpproto\lzo\release\lzo1x_o.obj
d:\m2\tmp4\clientvs22\dumpproto\lzo\release\lzo1x_d3.obj
d:\m2\tmp4\clientvs22\dumpproto\lzo\release\lzo1x_d2.obj
d:\m2\tmp4\clientvs22\dumpproto\lzo\release\lzo1x_d1.obj
d:\m2\tmp4\clientvs22\dumpproto\lzo\release\lzo1x_9x.obj
d:\m2\tmp4\clientvs22\dumpproto\lzo\release\lzo1x_1o.obj
d:\m2\tmp4\clientvs22\dumpproto\lzo\release\lzo1x_1l.obj
d:\m2\tmp4\clientvs22\dumpproto\lzo\release\lzo1x_1k.obj
d:\m2\tmp4\clientvs22\dumpproto\lzo\release\lzo1x_1.obj
d:\m2\tmp4\clientvs22\dumpproto\lzo\release\lzo1f_d2.obj
d:\m2\tmp4\clientvs22\dumpproto\lzo\release\lzo1f_d1.obj
d:\m2\tmp4\clientvs22\dumpproto\lzo\release\lzo_util.obj
d:\m2\tmp4\clientvs22\dumpproto\lzo\release\lzo_str.obj
d:\m2\tmp4\clientvs22\dumpproto\lzo\release\lzo_ptr.obj
d:\m2\tmp4\clientvs22\dumpproto\lzo\release\lzo_init.obj
d:\m2\tmp4\clientvs22\dumpproto\lzo\release\lzo_dll.obj
d:\m2\tmp4\clientvs22\dumpproto\lzo\release\lzo_crc.obj
d:\m2\tmp4\clientvs22\dumpproto\lzo\release\lzo2a_d2.obj
d:\m2\tmp4\clientvs22\dumpproto\lzo\release\lzo2a_d1.obj
d:\m2\tmp4\clientvs22\dumpproto\lzo\release\lzo2a_9x.obj
d:\m2\tmp4\clientvs22\dumpproto\lzo\release\lzo1z_d3.obj
d:\m2\tmp4\clientvs22\dumpproto\release\lzo.lib
d:\m2\tmp4\clientvs22\dumpproto\lzo\release\lzo.tlog\cl.command.1.tlog
d:\m2\tmp4\clientvs22\dumpproto\lzo\release\lzo.tlog\cl.read.1.tlog
d:\m2\tmp4\clientvs22\dumpproto\lzo\release\lzo.tlog\cl.write.1.tlog
d:\m2\tmp4\clientvs22\dumpproto\lzo\release\lzo.tlog\lib-link.read.1.tlog
d:\m2\tmp4\clientvs22\dumpproto\lzo\release\lzo.tlog\lib-link.write.1.tlog
d:\m2\tmp4\clientvs22\dumpproto\lzo\release\lzo.tlog\lib.command.1.tlog
